0 info it worked if it ends with ok
1 verbose cli [ 'node',
1 verbose cli   'C:\\Program Files (x86)\\npm\\1.4.28\\node_modules\\npm\\bin\\npm-cli.js',
1 verbose cli   'run',
1 verbose cli   'build' ]
2 info using npm@1.4.28
3 info using node@v0.10.40
4 verbose run-script [ 'prebuild', 'build', 'postbuild' ]
5 info prebuild sleepsveltekit@0.0.1
6 info build sleepsveltekit@0.0.1
7 verbose unsafe-perm in lifecycle true
8 info sleepsveltekit@0.0.1 Failed to exec build script
9 error sleepsveltekit@0.0.1 build: `vite build`
9 error Exit status 8
10 error Failed at the sleepsveltekit@0.0.1 build script.
10 error This is most likely a problem with the sleepsveltekit package,
10 error not with npm itself.
10 error Tell the author that this fails on your system:
10 error     vite build
10 error You can get their info via:
10 error     npm owner ls sleepsveltekit
10 error There is likely additional logging output above.
11 error System Windows_NT 6.2.9200
12 error command "node" "C:\\Program Files (x86)\\npm\\1.4.28\\node_modules\\npm\\bin\\npm-cli.js" "run" "build"
13 error cwd C:\home\site\wwwroot
14 error node -v v0.10.40
15 error npm -v 1.4.28
16 error code ELIFECYCLE
17 verbose exit [ 1, true ]
